<?xml version="1.0" encoding="UTF-8"?>
<coverage generated="1711820610933" clover="3.2.0">
  <project timestamp="1711820610933" name="All files">
    <metrics statements="140" coveredstatements="124" conditionals="62" coveredconditionals="50" methods="28" coveredmethods="22" elements="230" coveredelements="196" complexity="0" loc="140" ncloc="140" packages="4" files="7" classes="7"/>
    <package name="controllers">
      <metrics statements="16" coveredstatements="16" conditionals="4" coveredconditionals="4" methods="3" coveredmethods="3"/>
      <file name="uploadController.js" path="/Users/romantoxic/Projects/invoice-parser/controllers/uploadController.js">
        <metrics statements="16" coveredstatements="16" conditionals="4" coveredconditionals="4" methods="3" coveredmethods="3"/>
        <line num="4" count="1" type="stmt"/>
        <line num="10" count="1" type="stmt"/>
        <line num="17" count="1" type="stmt"/>
        <line num="18" count="5" type="stmt"/>
        <line num="20" count="5" type="stmt"/>
        <line num="21" count="5" type="cond" truecount="2" falsecount="0"/>
        <line num="22" count="2" type="stmt"/>
        <line num="24" count="5" type="cond" truecount="2" falsecount="0"/>
        <line num="25" count="3" type="stmt"/>
        <line num="27" count="2" type="stmt"/>
        <line num="28" count="2" type="stmt"/>
        <line num="31" count="2" type="stmt"/>
        <line num="32" count="2" type="stmt"/>
        <line num="33" count="2" type="stmt"/>
        <line num="34" count="1" type="stmt"/>
        <line num="36" count="1" type="stmt"/>
      </file>
    </package>
    <package name="models">
      <metrics statements="33" coveredstatements="20" conditionals="8" coveredconditionals="2" methods="8" coveredmethods="3"/>
      <file name="schemas.js" path="/Users/romantoxic/Projects/invoice-parser/models/schemas.js">
        <metrics statements="33" coveredstatements="20" conditionals="8" coveredconditionals="2" methods="8" coveredmethods="3"/>
        <line num="3" count="3" type="stmt"/>
        <line num="5" count="3" type="stmt"/>
        <line num="11" count="0" type="stmt"/>
        <line num="16" count="3" type="stmt"/>
        <line num="28" count="3" type="stmt"/>
        <line num="33" count="3" type="stmt"/>
        <line num="35" count="3" type="stmt"/>
        <line num="37" count="3" type="stmt"/>
        <line num="38" count="0" type="stmt"/>
        <line num="39" count="0" type="cond" truecount="0" falsecount="2"/>
        <line num="40" count="0" type="stmt"/>
        <line num="42" count="0" type="stmt"/>
        <line num="45" count="3" type="stmt"/>
        <line num="46" count="139" type="stmt"/>
        <line num="47" count="139" type="cond" truecount="1" falsecount="1"/>
        <line num="48" count="0" type="stmt"/>
        <line num="50" count="139" type="stmt"/>
        <line num="53" count="3" type="stmt"/>
        <line num="54" count="0" type="stmt"/>
        <line num="55" count="0" type="stmt"/>
        <line num="57" count="0" type="cond" truecount="0" falsecount="2"/>
        <line num="58" count="0" type="stmt"/>
        <line num="62" count="0" type="stmt"/>
        <line num="65" count="3" type="stmt"/>
        <line num="70" count="60" type="stmt"/>
        <line num="71" count="60" type="cond" truecount="1" falsecount="1"/>
        <line num="72" count="0" type="stmt"/>
        <line num="74" count="60" type="stmt"/>
        <line num="92" count="3" type="stmt"/>
        <line num="104" count="3" type="stmt"/>
        <line num="115" count="3" type="stmt"/>
        <line num="116" count="0" type="stmt"/>
        <line num="118" count="74" type="stmt"/>
      </file>
    </package>
    <package name="services">
      <metrics statements="76" coveredstatements="73" conditionals="46" coveredconditionals="41" methods="13" coveredmethods="12"/>
      <file name="errorService.js" path="/Users/romantoxic/Projects/invoice-parser/services/errorService.js">
        <metrics statements="10" coveredstatements="10" conditionals="2" coveredconditionals="2" methods="2" coveredmethods="2"/>
        <line num="1" count="1" type="stmt"/>
        <line num="2" count="2" type="stmt"/>
        <line num="3" count="2" type="stmt"/>
        <line num="4" count="2" type="stmt"/>
        <line num="5" count="2" type="stmt"/>
        <line num="11" count="1" type="stmt"/>
        <line num="12" count="2" type="stmt"/>
        <line num="13" count="2" type="cond" truecount="2" falsecount="0"/>
        <line num="14" count="2" type="stmt"/>
        <line num="15" count="2" type="stmt"/>
      </file>
      <file name="excelService.js" path="/Users/romantoxic/Projects/invoice-parser/services/excelService.js">
        <metrics statements="14" coveredstatements="12" conditionals="4" coveredconditionals="3" methods="2" coveredmethods="1"/>
        <line num="9" count="2" type="stmt"/>
        <line num="14" count="2" type="stmt"/>
        <line num="16" count="3" type="stmt"/>
        <line num="18" count="3" type="stmt"/>
        <line num="19" count="3" type="stmt"/>
        <line num="25" count="1" type="stmt"/>
        <line num="27" count="3" type="stmt"/>
        <line num="28" count="3" type="cond" truecount="1" falsecount="1"/>
        <line num="29" count="0" type="stmt"/>
        <line num="32" count="0" type="stmt"/>
        <line num="35" count="3" type="cond" truecount="2" falsecount="0"/>
        <line num="36" count="2" type="stmt"/>
        <line num="38" count="3" type="stmt"/>
        <line num="39" count="3" type="stmt"/>
      </file>
      <file name="extractDataService.js" path="/Users/romantoxic/Projects/invoice-parser/services/extractDataService.js">
        <metrics statements="52" coveredstatements="51" conditionals="40" coveredconditionals="36" methods="9" coveredmethods="9"/>
        <line num="6" count="3" type="stmt"/>
        <line num="8" count="5" type="stmt"/>
        <line num="15" count="3" type="stmt"/>
        <line num="16" count="2" type="stmt"/>
        <line num="17" count="2" type="stmt"/>
        <line num="18" count="2" type="stmt"/>
        <line num="19" count="2" type="stmt"/>
        <line num="22" count="2" type="stmt"/>
        <line num="24" count="2" type="stmt"/>
        <line num="26" count="2" type="stmt"/>
        <line num="28" count="2" type="stmt"/>
        <line num="29" count="70" type="cond" truecount="4" falsecount="0"/>
        <line num="30" count="2" type="stmt"/>
        <line num="31" count="2" type="stmt"/>
        <line num="32" count="68" type="cond" truecount="4" falsecount="0"/>
        <line num="33" count="58" type="stmt"/>
        <line num="34" count="58" type="stmt"/>
        <line num="35" count="638" type="cond" truecount="2" falsecount="0"/>
        <line num="37" count="58" type="stmt"/>
        <line num="38" count="58" type="stmt"/>
        <line num="39" count="78" type="cond" truecount="2" falsecount="0"/>
        <line num="40" count="58" type="stmt"/>
        <line num="41" count="10" type="cond" truecount="2" falsecount="0"/>
        <line num="46" count="2" type="stmt"/>
        <line num="47" count="8" type="cond" truecount="2" falsecount="0"/>
        <line num="52" count="6" type="stmt"/>
        <line num="53" count="6" type="stmt"/>
        <line num="54" count="2" type="cond" truecount="1" falsecount="1"/>
        <line num="55" count="2" type="cond" truecount="1" falsecount="1"/>
        <line num="56" count="2" type="stmt"/>
        <line num="61" count="2" type="stmt"/>
        <line num="64" count="3" type="stmt"/>
        <line num="65" count="1" type="stmt"/>
        <line num="67" count="29" type="cond" truecount="2" falsecount="0"/>
        <line num="69" count="1" type="stmt"/>
        <line num="70" count="16" type="stmt"/>
        <line num="71" count="16" type="stmt"/>
        <line num="72" count="18" type="cond" truecount="2" falsecount="0"/>
        <line num="73" count="16" type="stmt"/>
        <line num="74" count="16" type="cond" truecount="4" falsecount="0"/>
        <line num="75" count="8" type="stmt"/>
        <line num="76" count="8" type="cond" truecount="1" falsecount="1"/>
        <line num="77" count="0" type="stmt"/>
        <line num="81" count="8" type="stmt"/>
        <line num="82" count="20" type="stmt"/>
        <line num="84" count="8" type="stmt"/>
        <line num="85" count="8" type="cond" truecount="2" falsecount="0"/>
        <line num="86" count="5" type="stmt"/>
        <line num="92" count="3" type="stmt"/>
        <line num="96" count="8" type="stmt"/>
        <line num="99" count="16" type="cond" truecount="1" falsecount="1"/>
        <line num="101" count="1" type="stmt"/>
      </file>
    </package>
    <package name="utils">
      <metrics statements="15" coveredstatements="15" conditionals="4" coveredconditionals="3" methods="4" coveredmethods="4"/>
      <file name="date.js" path="/Users/romantoxic/Projects/invoice-parser/utils/date.js">
        <metrics statements="11" coveredstatements="11" conditionals="2" coveredconditionals="2" methods="3" coveredmethods="3"/>
        <line num="3" count="3" type="stmt"/>
        <line num="5" count="2" type="stmt"/>
        <line num="8" count="3" type="stmt"/>
        <line num="9" count="2" type="stmt"/>
        <line num="10" count="2" type="cond" truecount="2" falsecount="0"/>
        <line num="11" count="1" type="stmt"/>
        <line num="13" count="1" type="stmt"/>
        <line num="19" count="3" type="stmt"/>
        <line num="20" count="2" type="stmt"/>
        <line num="21" count="2" type="stmt"/>
        <line num="24" count="3" type="stmt"/>
      </file>
      <file name="string.js" path="/Users/romantoxic/Projects/invoice-parser/utils/string.js">
        <metrics statements="4" coveredstatements="4" conditionals="2" coveredconditionals="1" methods="1" coveredmethods="1"/>
        <line num="1" count="3" type="stmt"/>
        <line num="2" count="6" type="stmt"/>
        <line num="3" count="6" type="stmt"/>
        <line num="4" count="6" type="cond" truecount="1" falsecount="1"/>
      </file>
    </package>
  </project>
</coverage>
