{"/Users/romantoxic/Projects/invoice-parser/controllers/uploadController.js": {"path":"/Users/romantoxic/Projects/invoice-parser/controllers/uploadController.js","statementMap":{"0":{"start":{"line":4,"column":30},"end":{"line":8,"column":1}},"1":{"start":{"line":10,"column":25},"end":{"line":15,"column":1}},"2":{"start":{"line":17,"column":31},"end":{"line":39,"column":1}},"3":{"start":{"line":18,"column":21},"end":{"line":18,"column":36}},"4":{"start":{"line":20,"column":27},"end":{"line":20,"column":52}},"5":{"start":{"line":21,"column":4},"end":{"line":23,"column":5}},"6":{"start":{"line":22,"column":8},"end":{"line":22,"column":65}},"7":{"start":{"line":24,"column":4},"end":{"line":26,"column":5}},"8":{"start":{"line":25,"column":8},"end":{"line":25,"column":69}},"9":{"start":{"line":27,"column":4},"end":{"line":29,"column":6}},"10":{"start":{"line":28,"column":8},"end":{"line":28,"column":55}},"11":{"start":{"line":31,"column":4},"end":{"line":38,"column":6}},"12":{"start":{"line":32,"column":8},"end":{"line":37,"column":9}},"13":{"start":{"line":33,"column":27},"end":{"line":33,"column":71}},"14":{"start":{"line":34,"column":12},"end":{"line":34,"column":28}},"15":{"start":{"line":36,"column":12},"end":{"line":36,"column":23}}},"fnMap":{"0":{"name":"(anonymous_0)","decl":{"start":{"line":17,"column":31},"end":{"line":17,"column":32}},"loc":{"start":{"line":17,"column":51},"end":{"line":39,"column":1}},"line":17},"1":{"name":"(anonymous_1)","decl":{"start":{"line":27,"column":19},"end":{"line":27,"column":20}},"loc":{"start":{"line":27,"column":30},"end":{"line":29,"column":5}},"line":27},"2":{"name":"(anonymous_2)","decl":{"start":{"line":31,"column":18},"end":{"line":31,"column":19}},"loc":{"start":{"line":31,"column":24},"end":{"line":38,"column":5}},"line":31}},"branchMap":{"0":{"loc":{"start":{"line":21,"column":4},"end":{"line":23,"column":5}},"type":"if","locations":[{"start":{"line":21,"column":4},"end":{"line":23,"column":5}},{"start":{},"end":{}}],"line":21},"1":{"loc":{"start":{"line":24,"column":4},"end":{"line":26,"column":5}},"type":"if","locations":[{"start":{"line":24,"column":4},"end":{"line":26,"column":5}},{"start":{},"end":{}}],"line":24}},"s":{"0":1,"1":1,"2":1,"3":5,"4":5,"5":5,"6":2,"7":5,"8":3,"9":2,"10":2,"11":2,"12":2,"13":2,"14":1,"15":1},"f":{"0":5,"1":2,"2":2},"b":{"0":[2,3],"1":[3,2]},"_coverageSchema":"1a1c01bbd47fc00a2c39e90264f33305004495a9","hash":"a51e9e6c4d1e81e2d3f4eb5e68cf728b20f4bf72"}
,"/Users/romantoxic/Projects/invoice-parser/models/schemas.js": {"path":"/Users/romantoxic/Projects/invoice-parser/models/schemas.js","statementMap":{"0":{"start":{"line":3,"column":27},"end":{"line":3,"column":28}},"1":{"start":{"line":5,"column":23},"end":{"line":14,"column":1}},"2":{"start":{"line":11,"column":8},"end":{"line":11,"column":80}},"3":{"start":{"line":16,"column":27},"end":{"line":26,"column":1}},"4":{"start":{"line":28,"column":32},"end":{"line":31,"column":1}},"5":{"start":{"line":33,"column":28},"end":{"line":33,"column":59}},"6":{"start":{"line":35,"column":25},"end":{"line":35,"column":80}},"7":{"start":{"line":37,"column":38},"end":{"line":43,"column":1}},"8":{"start":{"line":38,"column":18},"end":{"line":38,"column":77}},"9":{"start":{"line":39,"column":4},"end":{"line":41,"column":5}},"10":{"start":{"line":40,"column":8},"end":{"line":40,"column":65}},"11":{"start":{"line":42,"column":4},"end":{"line":42,"column":16}},"12":{"start":{"line":45,"column":32},"end":{"line":51,"column":1}},"13":{"start":{"line":46,"column":18},"end":{"line":46,"column":33}},"14":{"start":{"line":47,"column":4},"end":{"line":49,"column":5}},"15":{"start":{"line":48,"column":8},"end":{"line":48,"column":63}},"16":{"start":{"line":50,"column":4},"end":{"line":50,"column":16}},"17":{"start":{"line":53,"column":34},"end":{"line":63,"column":1}},"18":{"start":{"line":54,"column":28},"end":{"line":56,"column":5}},"19":{"start":{"line":55,"column":19},"end":{"line":55,"column":41}},"20":{"start":{"line":57,"column":4},"end":{"line":61,"column":5}},"21":{"start":{"line":58,"column":8},"end":{"line":60,"column":9}},"22":{"start":{"line":62,"column":4},"end":{"line":62,"column":16}},"23":{"start":{"line":65,"column":28},"end":{"line":90,"column":35}},"24":{"start":{"line":70,"column":29},"end":{"line":70,"column":42}},"25":{"start":{"line":71,"column":12},"end":{"line":73,"column":13}},"26":{"start":{"line":72,"column":16},"end":{"line":72,"column":70}},"27":{"start":{"line":74,"column":12},"end":{"line":74,"column":27}},"28":{"start":{"line":92,"column":25},"end":{"line":102,"column":6}},"29":{"start":{"line":104,"column":27},"end":{"line":113,"column":33}},"30":{"start":{"line":115,"column":29},"end":{"line":116,"column":47}},"31":{"start":{"line":116,"column":4},"end":{"line":116,"column":47}},"32":{"start":{"line":118,"column":30},"end":{"line":118,"column":71}},"33":{"start":{"line":118,"column":42},"end":{"line":118,"column":71}}},"fnMap":{"0":{"name":"(anonymous_0)","decl":{"start":{"line":10,"column":31},"end":{"line":10,"column":32}},"loc":{"start":{"line":11,"column":8},"end":{"line":11,"column":80}},"line":11},"1":{"name":"(anonymous_1)","decl":{"start":{"line":37,"column":38},"end":{"line":37,"column":39}},"loc":{"start":{"line":37,"column":58},"end":{"line":43,"column":1}},"line":37},"2":{"name":"(anonymous_2)","decl":{"start":{"line":45,"column":32},"end":{"line":45,"column":33}},"loc":{"start":{"line":45,"column":52},"end":{"line":51,"column":1}},"line":45},"3":{"name":"(anonymous_3)","decl":{"start":{"line":53,"column":34},"end":{"line":53,"column":35}},"loc":{"start":{"line":53,"column":54},"end":{"line":63,"column":1}},"line":53},"4":{"name":"(anonymous_4)","decl":{"start":{"line":55,"column":8},"end":{"line":55,"column":9}},"loc":{"start":{"line":55,"column":19},"end":{"line":55,"column":41}},"line":55},"5":{"name":"(anonymous_5)","decl":{"start":{"line":69,"column":16},"end":{"line":69,"column":17}},"loc":{"start":{"line":69,"column":36},"end":{"line":75,"column":9}},"line":69},"6":{"name":"(anonymous_6)","decl":{"start":{"line":115,"column":29},"end":{"line":115,"column":30}},"loc":{"start":{"line":116,"column":4},"end":{"line":116,"column":47}},"line":116},"7":{"name":"(anonymous_7)","decl":{"start":{"line":118,"column":30},"end":{"line":118,"column":31}},"loc":{"start":{"line":118,"column":42},"end":{"line":118,"column":71}},"line":118}},"branchMap":{"0":{"loc":{"start":{"line":39,"column":4},"end":{"line":41,"column":5}},"type":"if","locations":[{"start":{"line":39,"column":4},"end":{"line":41,"column":5}},{"start":{},"end":{}}],"line":39},"1":{"loc":{"start":{"line":47,"column":4},"end":{"line":49,"column":5}},"type":"if","locations":[{"start":{"line":47,"column":4},"end":{"line":49,"column":5}},{"start":{},"end":{}}],"line":47},"2":{"loc":{"start":{"line":57,"column":4},"end":{"line":61,"column":5}},"type":"if","locations":[{"start":{"line":57,"column":4},"end":{"line":61,"column":5}},{"start":{},"end":{}}],"line":57},"3":{"loc":{"start":{"line":71,"column":12},"end":{"line":73,"column":13}},"type":"if","locations":[{"start":{"line":71,"column":12},"end":{"line":73,"column":13}},{"start":{},"end":{}}],"line":71}},"s":{"0":3,"1":3,"2":0,"3":3,"4":3,"5":3,"6":3,"7":3,"8":0,"9":0,"10":0,"11":0,"12":3,"13":139,"14":139,"15":0,"16":139,"17":3,"18":0,"19":0,"20":0,"21":0,"22":0,"23":3,"24":60,"25":60,"26":0,"27":60,"28":3,"29":3,"30":3,"31":0,"32":3,"33":74},"f":{"0":0,"1":0,"2":139,"3":0,"4":0,"5":60,"6":0,"7":74},"b":{"0":[0,0],"1":[0,139],"2":[0,0],"3":[0,60]},"_coverageSchema":"1a1c01bbd47fc00a2c39e90264f33305004495a9","hash":"2983f161d5d2ae631c20e7ef9fa450e62c8442a2"}
,"/Users/romantoxic/Projects/invoice-parser/services/errorService.js": {"path":"/Users/romantoxic/Projects/invoice-parser/services/errorService.js","statementMap":{"0":{"start":{"line":1,"column":28},"end":{"line":9,"column":1}},"1":{"start":{"line":2,"column":4},"end":{"line":2,"column":30}},"2":{"start":{"line":3,"column":23},"end":{"line":3,"column":39}},"3":{"start":{"line":4,"column":4},"end":{"line":4,"column":27}},"4":{"start":{"line":5,"column":4},"end":{"line":8,"column":6}},"5":{"start":{"line":11,"column":27},"end":{"line":16,"column":1}},"6":{"start":{"line":12,"column":18},"end":{"line":12,"column":36}},"7":{"start":{"line":13,"column":4},"end":{"line":13,"column":40}},"8":{"start":{"line":14,"column":4},"end":{"line":14,"column":27}},"9":{"start":{"line":15,"column":4},"end":{"line":15,"column":15}}},"fnMap":{"0":{"name":"(anonymous_0)","decl":{"start":{"line":1,"column":28},"end":{"line":1,"column":29}},"loc":{"start":{"line":1,"column":55},"end":{"line":9,"column":1}},"line":1},"1":{"name":"(anonymous_1)","decl":{"start":{"line":11,"column":27},"end":{"line":11,"column":28}},"loc":{"start":{"line":11,"column":61},"end":{"line":16,"column":1}},"line":11}},"branchMap":{"0":{"loc":{"start":{"line":13,"column":23},"end":{"line":13,"column":40}},"type":"binary-expr","locations":[{"start":{"line":13,"column":23},"end":{"line":13,"column":33}},{"start":{"line":13,"column":37},"end":{"line":13,"column":40}}],"line":13}},"s":{"0":1,"1":2,"2":2,"3":2,"4":2,"5":1,"6":2,"7":2,"8":2,"9":2},"f":{"0":2,"1":2},"b":{"0":[2,1]},"_coverageSchema":"1a1c01bbd47fc00a2c39e90264f33305004495a9","hash":"65bd54f901b1c049caa28a4f8a85778de382578b"}
,"/Users/romantoxic/Projects/invoice-parser/services/excelService.js": {"path":"/Users/romantoxic/Projects/invoice-parser/services/excelService.js","statementMap":{"0":{"start":{"line":9,"column":30},"end":{"line":12,"column":1}},"1":{"start":{"line":14,"column":32},"end":{"line":40,"column":1}},"2":{"start":{"line":16,"column":8},"end":{"line":16,"column":40}},"3":{"start":{"line":18,"column":4},"end":{"line":26,"column":5}},"4":{"start":{"line":19,"column":8},"end":{"line":23,"column":9}},"5":{"start":{"line":25,"column":8},"end":{"line":25,"column":37}},"6":{"start":{"line":27,"column":22},"end":{"line":27,"column":80}},"7":{"start":{"line":28,"column":4},"end":{"line":34,"column":5}},"8":{"start":{"line":29,"column":8},"end":{"line":33,"column":9}},"9":{"start":{"line":32,"column":45},"end":{"line":32,"column":52}},"10":{"start":{"line":35,"column":4},"end":{"line":37,"column":5}},"11":{"start":{"line":36,"column":8},"end":{"line":36,"column":59}},"12":{"start":{"line":38,"column":4},"end":{"line":38,"column":65}},"13":{"start":{"line":39,"column":4},"end":{"line":39,"column":58}}},"fnMap":{"0":{"name":"(anonymous_0)","decl":{"start":{"line":14,"column":32},"end":{"line":14,"column":33}},"loc":{"start":{"line":14,"column":69},"end":{"line":40,"column":1}},"line":14},"1":{"name":"(anonymous_1)","decl":{"start":{"line":32,"column":28},"end":{"line":32,"column":29}},"loc":{"start":{"line":32,"column":45},"end":{"line":32,"column":52}},"line":32}},"branchMap":{"0":{"loc":{"start":{"line":28,"column":4},"end":{"line":34,"column":5}},"type":"if","locations":[{"start":{"line":28,"column":4},"end":{"line":34,"column":5}},{"start":{},"end":{}}],"line":28},"1":{"loc":{"start":{"line":35,"column":4},"end":{"line":37,"column":5}},"type":"if","locations":[{"start":{"line":35,"column":4},"end":{"line":37,"column":5}},{"start":{},"end":{}}],"line":35}},"s":{"0":2,"1":2,"2":3,"3":3,"4":3,"5":1,"6":3,"7":3,"8":0,"9":0,"10":3,"11":2,"12":3,"13":3},"f":{"0":3,"1":0},"b":{"0":[0,3],"1":[2,1]},"_coverageSchema":"1a1c01bbd47fc00a2c39e90264f33305004495a9","hash":"d762df03712ae08172bc5edd1b56d004634bc34d"}
,"/Users/romantoxic/Projects/invoice-parser/services/extractDataService.js": {"path":"/Users/romantoxic/Projects/invoice-parser/services/extractDataService.js","statementMap":{"0":{"start":{"line":6,"column":30},"end":{"line":13,"column":1}},"1":{"start":{"line":8,"column":8},"end":{"line":8,"column":112}},"2":{"start":{"line":15,"column":36},"end":{"line":62,"column":1}},"3":{"start":{"line":16,"column":21},"end":{"line":16,"column":62}},"4":{"start":{"line":17,"column":22},"end":{"line":17,"column":44}},"5":{"start":{"line":18,"column":18},"end":{"line":18,"column":44}},"6":{"start":{"line":19,"column":25},"end":{"line":19,"column":71}},"7":{"start":{"line":22,"column":24},"end":{"line":22,"column":26}},"8":{"start":{"line":24,"column":23},"end":{"line":24,"column":25}},"9":{"start":{"line":26,"column":24},"end":{"line":26,"column":29}},"10":{"start":{"line":28,"column":4},"end":{"line":59,"column":5}},"11":{"start":{"line":29,"column":8},"end":{"line":58,"column":9}},"12":{"start":{"line":30,"column":12},"end":{"line":30,"column":28}},"13":{"start":{"line":31,"column":12},"end":{"line":31,"column":32}},"14":{"start":{"line":32,"column":15},"end":{"line":58,"column":9}},"15":{"start":{"line":33,"column":27},"end":{"line":33,"column":29}},"16":{"start":{"line":34,"column":12},"end":{"line":36,"column":14}},"17":{"start":{"line":35,"column":16},"end":{"line":35,"column":54}},"18":{"start":{"line":37,"column":35},"end":{"line":37,"column":57}},"19":{"start":{"line":38,"column":12},"end":{"line":39,"column":76}},"20":{"start":{"line":39,"column":60},"end":{"line":39,"column":69}},"21":{"start":{"line":40,"column":12},"end":{"line":40,"column":37}},"22":{"start":{"line":41,"column":15},"end":{"line":58,"column":9}},"23":{"start":{"line":46,"column":12},"end":{"line":46,"column":37}},"24":{"start":{"line":47,"column":15},"end":{"line":58,"column":9}},"25":{"start":{"line":52,"column":22},"end":{"line":52,"column":52}},"26":{"start":{"line":53,"column":12},"end":{"line":53,"column":51}},"27":{"start":{"line":54,"column":15},"end":{"line":58,"column":9}},"28":{"start":{"line":55,"column":12},"end":{"line":57,"column":13}},"29":{"start":{"line":56,"column":16},"end":{"line":56,"column":21}},"30":{"start":{"line":61,"column":4},"end":{"line":61,"column":68}},"31":{"start":{"line":64,"column":33},"end":{"line":102,"column":1}},"32":{"start":{"line":65,"column":4},"end":{"line":68,"column":5}},"33":{"start":{"line":67,"column":12},"end":{"line":67,"column":77}},"34":{"start":{"line":69,"column":4},"end":{"line":100,"column":6}},"35":{"start":{"line":70,"column":31},"end":{"line":70,"column":54}},"36":{"start":{"line":71,"column":8},"end":{"line":72,"column":72}},"37":{"start":{"line":72,"column":56},"end":{"line":72,"column":65}},"38":{"start":{"line":73,"column":25},"end":{"line":73,"column":47}},"39":{"start":{"line":74,"column":8},"end":{"line":97,"column":9}},"40":{"start":{"line":75,"column":34},"end":{"line":75,"column":61}},"41":{"start":{"line":76,"column":12},"end":{"line":94,"column":13}},"42":{"start":{"line":77,"column":16},"end":{"line":79,"column":17}},"43":{"start":{"line":81,"column":27},"end":{"line":83,"column":17}},"44":{"start":{"line":82,"column":34},"end":{"line":82,"column":78}},"45":{"start":{"line":84,"column":16},"end":{"line":84,"column":46}},"46":{"start":{"line":85,"column":16},"end":{"line":93,"column":17}},"47":{"start":{"line":86,"column":20},"end":{"line":90,"column":21}},"48":{"start":{"line":92,"column":20},"end":{"line":92,"column":64}},"49":{"start":{"line":96,"column":12},"end":{"line":96,"column":73}},"50":{"start":{"line":99,"column":8},"end":{"line":99,"column":57}},"51":{"start":{"line":101,"column":4},"end":{"line":101,"column":23}}},"fnMap":{"0":{"name":"(anonymous_0)","decl":{"start":{"line":7,"column":30},"end":{"line":7,"column":31}},"loc":{"start":{"line":8,"column":8},"end":{"line":8,"column":112}},"line":8},"1":{"name":"(anonymous_1)","decl":{"start":{"line":15,"column":36},"end":{"line":15,"column":37}},"loc":{"start":{"line":15,"column":52},"end":{"line":62,"column":1}},"line":15},"2":{"name":"(anonymous_2)","decl":{"start":{"line":34,"column":29},"end":{"line":34,"column":30}},"loc":{"start":{"line":34,"column":49},"end":{"line":36,"column":13}},"line":34},"3":{"name":"(anonymous_3)","decl":{"start":{"line":39,"column":53},"end":{"line":39,"column":54}},"loc":{"start":{"line":39,"column":60},"end":{"line":39,"column":69}},"line":39},"4":{"name":"(anonymous_4)","decl":{"start":{"line":64,"column":33},"end":{"line":64,"column":34}},"loc":{"start":{"line":64,"column":66},"end":{"line":102,"column":1}},"line":64},"5":{"name":"(anonymous_5)","decl":{"start":{"line":66,"column":8},"end":{"line":66,"column":9}},"loc":{"start":{"line":67,"column":12},"end":{"line":67,"column":77}},"line":67},"6":{"name":"(anonymous_6)","decl":{"start":{"line":69,"column":25},"end":{"line":69,"column":26}},"loc":{"start":{"line":69,"column":38},"end":{"line":100,"column":5}},"line":69},"7":{"name":"(anonymous_7)","decl":{"start":{"line":72,"column":49},"end":{"line":72,"column":50}},"loc":{"start":{"line":72,"column":56},"end":{"line":72,"column":65}},"line":72},"8":{"name":"(anonymous_8)","decl":{"start":{"line":82,"column":20},"end":{"line":82,"column":21}},"loc":{"start":{"line":82,"column":34},"end":{"line":82,"column":78}},"line":82}},"branchMap":{"0":{"loc":{"start":{"line":29,"column":8},"end":{"line":58,"column":9}},"type":"if","locations":[{"start":{"line":29,"column":8},"end":{"line":58,"column":9}},{"start":{"line":32,"column":15},"end":{"line":58,"column":9}}],"line":29},"1":{"loc":{"start":{"line":29,"column":12},"end":{"line":29,"column":46}},"type":"binary-expr","locations":[{"start":{"line":29,"column":12},"end":{"line":29,"column":26}},{"start":{"line":29,"column":30},"end":{"line":29,"column":46}}],"line":29},"2":{"loc":{"start":{"line":32,"column":15},"end":{"line":58,"column":9}},"type":"if","locations":[{"start":{"line":32,"column":15},"end":{"line":58,"column":9}},{"start":{"line":41,"column":15},"end":{"line":58,"column":9}}],"line":32},"3":{"loc":{"start":{"line":32,"column":19},"end":{"line":32,"column":52}},"type":"binary-expr","locations":[{"start":{"line":32,"column":19},"end":{"line":32,"column":32}},{"start":{"line":32,"column":36},"end":{"line":32,"column":52}}],"line":32},"4":{"loc":{"start":{"line":35,"column":34},"end":{"line":35,"column":54}},"type":"binary-expr","locations":[{"start":{"line":35,"column":34},"end":{"line":35,"column":46}},{"start":{"line":35,"column":50},"end":{"line":35,"column":54}}],"line":35},"5":{"loc":{"start":{"line":39,"column":16},"end":{"line":39,"column":76}},"type":"binary-expr","locations":[{"start":{"line":39,"column":16},"end":{"line":39,"column":70}},{"start":{"line":39,"column":74},"end":{"line":39,"column":76}}],"line":39},"6":{"loc":{"start":{"line":41,"column":15},"end":{"line":58,"column":9}},"type":"if","locations":[{"start":{"line":41,"column":15},"end":{"line":58,"column":9}},{"start":{"line":47,"column":15},"end":{"line":58,"column":9}}],"line":41},"7":{"loc":{"start":{"line":42,"column":12},"end":{"line":44,"column":40}},"type":"binary-expr","locations":[{"start":{"line":42,"column":12},"end":{"line":42,"column":27}},{"start":{"line":43,"column":12},"end":{"line":43,"column":40}},{"start":{"line":44,"column":12},"end":{"line":44,"column":40}}],"line":42},"8":{"loc":{"start":{"line":47,"column":15},"end":{"line":58,"column":9}},"type":"if","locations":[{"start":{"line":47,"column":15},"end":{"line":58,"column":9}},{"start":{"line":54,"column":15},"end":{"line":58,"column":9}}],"line":47},"9":{"loc":{"start":{"line":48,"column":12},"end":{"line":50,"column":40}},"type":"binary-expr","locations":[{"start":{"line":48,"column":12},"end":{"line":48,"column":30}},{"start":{"line":49,"column":12},"end":{"line":49,"column":40}},{"start":{"line":50,"column":12},"end":{"line":50,"column":40}}],"line":48},"10":{"loc":{"start":{"line":54,"column":15},"end":{"line":58,"column":9}},"type":"if","locations":[{"start":{"line":54,"column":15},"end":{"line":58,"column":9}},{"start":{},"end":{}}],"line":54},"11":{"loc":{"start":{"line":55,"column":12},"end":{"line":57,"column":13}},"type":"if","locations":[{"start":{"line":55,"column":12},"end":{"line":57,"column":13}},{"start":{},"end":{}}],"line":55},"12":{"loc":{"start":{"line":67,"column":12},"end":{"line":67,"column":77}},"type":"binary-expr","locations":[{"start":{"line":67,"column":12},"end":{"line":67,"column":53}},{"start":{"line":67,"column":57},"end":{"line":67,"column":77}}],"line":67},"13":{"loc":{"start":{"line":72,"column":12},"end":{"line":72,"column":72}},"type":"binary-expr","locations":[{"start":{"line":72,"column":12},"end":{"line":72,"column":66}},{"start":{"line":72,"column":70},"end":{"line":72,"column":72}}],"line":72},"14":{"loc":{"start":{"line":74,"column":8},"end":{"line":97,"column":9}},"type":"if","locations":[{"start":{"line":74,"column":8},"end":{"line":97,"column":9}},{"start":{"line":95,"column":15},"end":{"line":97,"column":9}}],"line":74},"15":{"loc":{"start":{"line":74,"column":12},"end":{"line":74,"column":54}},"type":"binary-expr","locations":[{"start":{"line":74,"column":12},"end":{"line":74,"column":22}},{"start":{"line":74,"column":26},"end":{"line":74,"column":54}}],"line":74},"16":{"loc":{"start":{"line":76,"column":12},"end":{"line":94,"column":13}},"type":"if","locations":[{"start":{"line":76,"column":12},"end":{"line":94,"column":13}},{"start":{"line":80,"column":19},"end":{"line":94,"column":13}}],"line":76},"17":{"loc":{"start":{"line":85,"column":16},"end":{"line":93,"column":17}},"type":"if","locations":[{"start":{"line":85,"column":16},"end":{"line":93,"column":17}},{"start":{"line":91,"column":23},"end":{"line":93,"column":17}}],"line":85},"18":{"loc":{"start":{"line":99,"column":35},"end":{"line":99,"column":57}},"type":"binary-expr","locations":[{"start":{"line":99,"column":35},"end":{"line":99,"column":51}},{"start":{"line":99,"column":55},"end":{"line":99,"column":57}}],"line":99}},"s":{"0":3,"1":5,"2":3,"3":2,"4":2,"5":2,"6":2,"7":2,"8":2,"9":2,"10":2,"11":70,"12":2,"13":2,"14":68,"15":58,"16":58,"17":638,"18":58,"19":58,"20":78,"21":58,"22":10,"23":2,"24":8,"25":6,"26":6,"27":2,"28":2,"29":2,"30":2,"31":3,"32":1,"33":29,"34":1,"35":16,"36":16,"37":18,"38":16,"39":16,"40":8,"41":8,"42":0,"43":8,"44":20,"45":8,"46":8,"47":5,"48":3,"49":8,"50":16,"51":1},"f":{"0":5,"1":2,"2":638,"3":78,"4":1,"5":29,"6":16,"7":18,"8":20},"b":{"0":[2,68],"1":[70,10],"2":[58,10],"3":[68,60],"4":[638,174],"5":[58,26],"6":[2,8],"7":[10,2,2],"8":[6,2],"9":[8,6,6],"10":[2,0],"11":[2,0],"12":[29,15],"13":[16,8],"14":[8,8],"15":[16,9],"16":[0,8],"17":[5,3],"18":[16,0]},"_coverageSchema":"1a1c01bbd47fc00a2c39e90264f33305004495a9","hash":"e7c57a2111467d4630f7e5cf8ebe680235aa6a4d"}
,"/Users/romantoxic/Projects/invoice-parser/utils/date.js": {"path":"/Users/romantoxic/Projects/invoice-parser/utils/date.js","statementMap":{"0":{"start":{"line":3,"column":30},"end":{"line":6,"column":1}},"1":{"start":{"line":5,"column":8},"end":{"line":5,"column":66}},"2":{"start":{"line":8,"column":33},"end":{"line":17,"column":1}},"3":{"start":{"line":9,"column":23},"end":{"line":9,"column":62}},"4":{"start":{"line":10,"column":4},"end":{"line":16,"column":5}},"5":{"start":{"line":11,"column":8},"end":{"line":11,"column":47}},"6":{"start":{"line":13,"column":8},"end":{"line":15,"column":9}},"7":{"start":{"line":19,"column":38},"end":{"line":22,"column":1}},"8":{"start":{"line":20,"column":18},"end":{"line":20,"column":77}},"9":{"start":{"line":21,"column":4},"end":{"line":21,"column":28}},"10":{"start":{"line":24,"column":27},"end":{"line":24,"column":51}}},"fnMap":{"0":{"name":"(anonymous_0)","decl":{"start":{"line":4,"column":25},"end":{"line":4,"column":26}},"loc":{"start":{"line":5,"column":8},"end":{"line":5,"column":66}},"line":5},"1":{"name":"(anonymous_1)","decl":{"start":{"line":8,"column":33},"end":{"line":8,"column":34}},"loc":{"start":{"line":8,"column":73},"end":{"line":17,"column":1}},"line":8},"2":{"name":"(anonymous_2)","decl":{"start":{"line":19,"column":38},"end":{"line":19,"column":39}},"loc":{"start":{"line":19,"column":58},"end":{"line":22,"column":1}},"line":19}},"branchMap":{"0":{"loc":{"start":{"line":10,"column":4},"end":{"line":16,"column":5}},"type":"if","locations":[{"start":{"line":10,"column":4},"end":{"line":16,"column":5}},{"start":{"line":12,"column":11},"end":{"line":16,"column":5}}],"line":10}},"s":{"0":3,"1":2,"2":3,"3":2,"4":2,"5":1,"6":1,"7":3,"8":2,"9":2,"10":3},"f":{"0":2,"1":2,"2":2},"b":{"0":[1,1]},"_coverageSchema":"1a1c01bbd47fc00a2c39e90264f33305004495a9","hash":"c6bf28767823e3e21df44502e07994fcf5c4d132"}
,"/Users/romantoxic/Projects/invoice-parser/utils/string.js": {"path":"/Users/romantoxic/Projects/invoice-parser/utils/string.js","statementMap":{"0":{"start":{"line":1,"column":36},"end":{"line":5,"column":1}},"1":{"start":{"line":2,"column":18},"end":{"line":2,"column":33}},"2":{"start":{"line":3,"column":20},"end":{"line":3,"column":37}},"3":{"start":{"line":4,"column":4},"end":{"line":4,"column":38}}},"fnMap":{"0":{"name":"(anonymous_0)","decl":{"start":{"line":1,"column":36},"end":{"line":1,"column":37}},"loc":{"start":{"line":1,"column":46},"end":{"line":5,"column":1}},"line":1}},"branchMap":{"0":{"loc":{"start":{"line":4,"column":11},"end":{"line":4,"column":38}},"type":"cond-expr","locations":[{"start":{"line":4,"column":21},"end":{"line":4,"column":31}},{"start":{"line":4,"column":34},"end":{"line":4,"column":38}}],"line":4}},"s":{"0":3,"1":6,"2":6,"3":6},"f":{"0":6},"b":{"0":[6,0]},"_coverageSchema":"1a1c01bbd47fc00a2c39e90264f33305004495a9","hash":"7a3296eea8ee8fb15d8007fde3a230be1d63277e"}
}
