TN:
SF:controllers/uploadController.js
FN:17,(anonymous_0)
FN:27,(anonymous_1)
FN:31,(anonymous_2)
FNF:3
FNH:3
FNDA:5,(anonymous_0)
FNDA:2,(anonymous_1)
FNDA:2,(anonymous_2)
DA:4,1
DA:10,1
DA:17,1
DA:18,5
DA:20,5
DA:21,5
DA:22,2
DA:24,5
DA:25,3
DA:27,2
DA:28,2
DA:31,2
DA:32,2
DA:33,2
DA:34,1
DA:36,1
LF:16
LH:16
BRDA:21,0,0,2
BRDA:21,0,1,3
BRDA:24,1,0,3
BRDA:24,1,1,2
BRF:4
BRH:4
end_of_record
TN:
SF:models/schemas.js
FN:10,(anonymous_0)
FN:37,(anonymous_1)
FN:45,(anonymous_2)
FN:53,(anonymous_3)
FN:55,(anonymous_4)
FN:69,(anonymous_5)
FN:115,(anonymous_6)
FN:118,(anonymous_7)
FNF:8
FNH:3
FNDA:0,(anonymous_0)
FNDA:0,(anonymous_1)
FNDA:139,(anonymous_2)
FNDA:0,(anonymous_3)
FNDA:0,(anonymous_4)
FNDA:60,(anonymous_5)
FNDA:0,(anonymous_6)
FNDA:74,(anonymous_7)
DA:3,3
DA:5,3
DA:11,0
DA:16,3
DA:28,3
DA:33,3
DA:35,3
DA:37,3
DA:38,0
DA:39,0
DA:40,0
DA:42,0
DA:45,3
DA:46,139
DA:47,139
DA:48,0
DA:50,139
DA:53,3
DA:54,0
DA:55,0
DA:57,0
DA:58,0
DA:62,0
DA:65,3
DA:70,60
DA:71,60
DA:72,0
DA:74,60
DA:92,3
DA:104,3
DA:115,3
DA:116,0
DA:118,74
LF:33
LH:20
BRDA:39,0,0,0
BRDA:39,0,1,0
BRDA:47,1,0,0
BRDA:47,1,1,139
BRDA:57,2,0,0
BRDA:57,2,1,0
BRDA:71,3,0,0
BRDA:71,3,1,60
BRF:8
BRH:2
end_of_record
TN:
SF:services/errorService.js
FN:1,(anonymous_0)
FN:11,(anonymous_1)
FNF:2
FNH:2
FNDA:2,(anonymous_0)
FNDA:2,(anonymous_1)
DA:1,1
DA:2,2
DA:3,2
DA:4,2
DA:5,2
DA:11,1
DA:12,2
DA:13,2
DA:14,2
DA:15,2
LF:10
LH:10
BRDA:13,0,0,2
BRDA:13,0,1,1
BRF:2
BRH:2
end_of_record
TN:
SF:services/excelService.js
FN:14,(anonymous_0)
FN:32,(anonymous_1)
FNF:2
FNH:2
FNDA:4,(anonymous_0)
FNDA:2,(anonymous_1)
DA:9,2
DA:14,2
DA:16,4
DA:18,4
DA:19,4
DA:25,1
DA:27,4
DA:28,4
DA:29,1
DA:32,2
DA:35,4
DA:36,2
DA:38,4
DA:39,4
LF:14
LH:14
BRDA:28,0,0,1
BRDA:28,0,1,3
BRDA:35,1,0,2
BRDA:35,1,1,2
BRF:4
BRH:4
end_of_record
TN:
SF:services/extractDataService.js
FN:7,(anonymous_0)
FN:15,(anonymous_1)
FN:34,(anonymous_2)
FN:39,(anonymous_3)
FN:64,(anonymous_4)
FN:66,(anonymous_5)
FN:69,(anonymous_6)
FN:72,(anonymous_7)
FN:82,(anonymous_8)
FNF:9
FNH:9
FNDA:5,(anonymous_0)
FNDA:2,(anonymous_1)
FNDA:638,(anonymous_2)
FNDA:78,(anonymous_3)
FNDA:1,(anonymous_4)
FNDA:29,(anonymous_5)
FNDA:16,(anonymous_6)
FNDA:18,(anonymous_7)
FNDA:20,(anonymous_8)
DA:6,3
DA:8,5
DA:15,3
DA:16,2
DA:17,2
DA:18,2
DA:19,2
DA:22,2
DA:24,2
DA:26,2
DA:28,2
DA:29,70
DA:30,2
DA:31,2
DA:32,68
DA:33,58
DA:34,58
DA:35,638
DA:37,58
DA:38,58
DA:39,78
DA:40,58
DA:41,10
DA:46,2
DA:47,8
DA:52,6
DA:53,6
DA:54,2
DA:55,2
DA:56,2
DA:61,2
DA:64,3
DA:65,1
DA:67,29
DA:69,1
DA:70,16
DA:71,16
DA:72,18
DA:73,16
DA:74,16
DA:75,8
DA:76,8
DA:77,0
DA:81,8
DA:82,20
DA:84,8
DA:85,8
DA:86,5
DA:92,3
DA:96,8
DA:99,16
DA:101,1
LF:52
LH:51
BRDA:29,0,0,2
BRDA:29,0,1,68
BRDA:29,1,0,70
BRDA:29,1,1,10
BRDA:32,2,0,58
BRDA:32,2,1,10
BRDA:32,3,0,68
BRDA:32,3,1,60
BRDA:35,4,0,638
BRDA:35,4,1,174
BRDA:39,5,0,58
BRDA:39,5,1,26
BRDA:41,6,0,2
BRDA:41,6,1,8
BRDA:42,7,0,10
BRDA:42,7,1,2
BRDA:42,7,2,2
BRDA:47,8,0,6
BRDA:47,8,1,2
BRDA:48,9,0,8
BRDA:48,9,1,6
BRDA:48,9,2,6
BRDA:54,10,0,2
BRDA:54,10,1,0
BRDA:55,11,0,2
BRDA:55,11,1,0
BRDA:67,12,0,29
BRDA:67,12,1,15
BRDA:72,13,0,16
BRDA:72,13,1,8
BRDA:74,14,0,8
BRDA:74,14,1,8
BRDA:74,15,0,16
BRDA:74,15,1,9
BRDA:76,16,0,0
BRDA:76,16,1,8
BRDA:85,17,0,5
BRDA:85,17,1,3
BRDA:99,18,0,16
BRDA:99,18,1,0
BRF:40
BRH:36
end_of_record
TN:
SF:utils/date.js
FN:4,(anonymous_0)
FN:8,(anonymous_1)
FN:19,(anonymous_2)
FNF:3
FNH:3
FNDA:2,(anonymous_0)
FNDA:2,(anonymous_1)
FNDA:2,(anonymous_2)
DA:3,3
DA:5,2
DA:8,3
DA:9,2
DA:10,2
DA:11,1
DA:13,1
DA:19,3
DA:20,2
DA:21,2
DA:24,3
LF:11
LH:11
BRDA:10,0,0,1
BRDA:10,0,1,1
BRF:2
BRH:2
end_of_record
TN:
SF:utils/string.js
FN:1,(anonymous_0)
FNF:1
FNH:1
FNDA:6,(anonymous_0)
DA:1,3
DA:2,6
DA:3,6
DA:4,6
LF:4
LH:4
BRDA:4,0,0,6
BRDA:4,0,1,0
BRF:2
BRH:1
end_of_record
